<?xml version="1.0" encoding="UTF-8" ?>
<testsuite tests="10" failures="0" name="com.test.harrys.SuperMarketTest" time="0.05" errors="0" skipped="0">
  <properties>
[...]
</properties>
  <testcase classname="com.test.harrys.SuperMarketTest" name="whenItemsAreAddedToBaskeItemShouldTally" time="0.027"/>
  <testcase classname="com.test.harrys.SuperMarketTest" name="threeSoupTinsTwoLoafBoughtToday" time="0.008"/>
  <testcase classname="com.test.harrys.SuperMarketTest" name="threeApplesTwoSoupTinsOneLoafBoughtInFiveDays" time="0.003"/>
  <testcase classname="com.test.harrys.SuperMarketTest" name="determineIfDiscountIsActive" time="0"/>
  <testcase classname="com.test.harrys.SuperMarketTest" name="attemptToAddInvalidItemToBasketShouldThrowException" time="0.007"/>
  <testcase classname="com.test.harrys.SuperMarketTest" name="calculateTotalsAfterDiscounts" time="0.002"/>
  <testcase classname="com.test.harrys.SuperMarketTest" name="whenShoppingItemIsAddedToBasketItShouldBeAvaialble" time="0"/>
  <testcase classname="com.test.harrys.SuperMarketTest" name="sixApplesAndABottleOfMilkBoughtInFiveDays" time="0.002"/>
  <testcase classname="com.test.harrys.SuperMarketTest" name="sixApplesAndABottleOfMilkBoughtToday" time="0"/>
  <testcase classname="com.test.harrys.SuperMarketTest" name="calculateTotalTest" time="0.001"/>
</testsuite>